<?xml version="1.0" encoding="UTF-8"?>
<!-- Generated by org.testng.reporters.JUnitReportReporter -->
<testsuite hostname="JML-PC" name="browserTest" tests="1" failures="0" timestamp="9 Jan 2021 13:51:47 GMT" time="6.980" errors="0">
  <testcase name="bTest" time="6.980" classname="browserTest"/>
</testsuite> <!-- browserTest -->
